#
# A fatal error has been detected by the Java Runtime Environment:
#
#  SIGSEGV (0xb) at pc=0x0000000107a461b0, pid=1637, tid=17155
#
# JRE version: Java(TM) SE Runtime Environment (8.0_66-b17) (build 1.8.0_66-b17)
# Java VM: Java HotSpot(TM) 64-Bit Server VM (25.66-b17 mixed mode bsd-amd64 compressed oops)
# Problematic frame:
# V  [libjvm.dylib+0x4461b0]  Method::checked_resolve_jmethod_id(_jmethodID*)+0xe
#
# Failed to write core dump. Core dumps have been disabled. To enable core dumping, try "ulimit -c unlimited" before starting Java again
#
# If you would like to submit a bug report, please visit:
#   http://bugreport.java.com/bugreport/crash.jsp
#

---------------  T H R E A D  ---------------

Current thread (0x00007fe52c037000):  JavaThread "JDWP Transport Listener: dt_socket" daemon [_thread_in_vm, id=17155, stack(0x0000700008fe6000,0x00007000090e6000)]

siginfo: si_signo: 11 (SIGSEGV), si_code: 0 (unknown), si_addr: 0x0000000000000000

Registers:
RAX=0x0000000000000001, RBX=0x00007000090e5a8b, RCX=0x0000000107e14310, RDX=0x00007000090e5a8b
RSP=0x00007000090e59d0, RBP=0x00007000090e59e0, RSI=0x00007fe52c037000, RDI=0xa000000000000000
R8 =0x0000000000000001, R9 =0x0000000000000000, R10=0x0000000000000001, R11=0x0000000000000002
R12=0x00007fe52c037000, R13=0xa000000000000000, R14=0xa000000000000000, R15=0x00007fe52bc0f960
RIP=0x0000000107a461b0, EFLAGS=0x0000000000010286, ERR=0x0000000000000000
  TRAPNO=0x000000000000000d

Top of Stack: (sp=0x00007000090e59d0)
0x00007000090e59d0:   00007000090e5a8b 00007000090e5a8b
0x00007000090e59e0:   00007000090e5a40 00000001079552be
0x00007000090e59f0:   00007fe52c037000 0000000000000000
0x00007000090e5a00:   0000000000000000 0000000000000000
0x00007000090e5a10:   00007fe52c037000 00007fe52c037000
0x00007000090e5a20:   00007000090e5a8b 00007000090e5a90
0x00007000090e5a30:   a000000000000000 0000000000000004
0x00007000090e5a40:   00007000090e5a60 00000001085db780
0x00007000090e5a50:   0000000000000001 00007000090e5b08
0x00007000090e5a60:   00007000090e5ad0 00000001085c01f3
0x00007000090e5a70:   00007000090e5aa0 00007fe52be15280
0x00007000090e5a80:   0000000600000032 0000000a000e5b08
0x00007000090e5a90:   0000000000000000 0000000000000000
0x00007000090e5aa0:   0000000000000000 00007000090e5c90
0x00007000090e5ab0:   00000001085e2e7a 00007fe52bc335a0
0x00007000090e5ac0:   00007000090e5b08 00000001085ee598
0x00007000090e5ad0:   00007000090e5ae0 00000001085c02ec
0x00007000090e5ae0:   00007000090e5d00 00000001085c9898
0x00007000090e5af0:   00002a4900000013 00000000000f0200
0x00007000090e5b00:   00007fe52bc33210 00007fe52be16012
0x00007000090e5b10:   00007fe500000246 00007fe52be15b00
0x00007000090e5b20:   00007fe50000012c 00007000090e5b58
0x00007000090e5b30:   00007fe52be15b00 0000000000000000
0x00007000090e5b40:   00002a490000000b 00007fe50000fa80
0x00007000090e5b50:   00007000090e5b58 e57f000006000000
0x00007000090e5b60:   14000000b047e12b 6563655274736f6d
0x00007000090e5b70:   6f7270657250746e 1800000073736563
0x00007000090e5b80:   752f6176616a4c28 617272412f6c6974
0x00007000090e5b90:   56293b7473694c79 616a4c2833000000
0x00007000090e5ba0:   2f6c6974752f6176 73694c7961727241
0x00007000090e5bb0:   72706572704c3c74 68432f737365636f
0x00007000090e5bc0:   68736e6f69706d61 0056293b3e3b7069 

Instructions: (pc=0x0000000107a461b0)
0x0000000107a46190:   40 48 48 85 c0 75 e0 30 c0 0f b6 c0 5d c3 31 c0
0x0000000107a461a0:   5d c3 55 48 89 e5 53 48 83 ec 08 48 85 ff 74 24
0x0000000107a461b0:   48 8b 1f 48 85 db 74 1c 48 83 fb 37 74 16 48 8b
0x0000000107a461c0:   03 48 89 df ff 50 10 84 c0 b8 00 00 00 00 48 0f 

Register to memory mapping:

RAX=0x0000000000000001 is an unknown value
RBX=0x00007000090e5a8b is pointing into the stack for thread: 0x00007fe52c037000
RCX=0x0000000107e14310: UseMembar+0 in /Library/Java/JavaVirtualMachines/jdk1.8.0_66.jdk/Contents/Home/jre/lib/server/libjvm.dylib at 0x0000000107600000
RDX=0x00007000090e5a8b is pointing into the stack for thread: 0x00007fe52c037000
RSP=0x00007000090e59d0 is pointing into the stack for thread: 0x00007fe52c037000
RBP=0x00007000090e59e0 is pointing into the stack for thread: 0x00007fe52c037000
RSI=0x00007fe52c037000 is a thread
RDI=0xa000000000000000 is an unknown value
R8 =0x0000000000000001 is an unknown value
R9 =0x0000000000000000 is an unknown value
R10=0x0000000000000001 is an unknown value
R11=0x0000000000000002 is an unknown value
R12=0x00007fe52c037000 is a thread
R13=0xa000000000000000 is an unknown value
R14=0xa000000000000000 is an unknown value
R15=0x00007fe52bc0f960 is an unknown value


Stack: [0x0000700008fe6000,0x00007000090e6000],  sp=0x00007000090e59d0,  free space=1022k
Native frames: (J=compiled Java code, j=interpreted, Vv=VM code, C=native code)
V  [libjvm.dylib+0x4461b0]  Method::checked_resolve_jmethod_id(_jmethodID*)+0xe
V  [libjvm.dylib+0x3552be]  jvmti_IsMethodSynthetic+0xb2
C  [libjdwp.dylib+0x20780]  isMethodSynthetic+0x63
C  [libjdwp.dylib+0x51f3]  methods1+0x10b
C  [libjdwp.dylib+0x52ec]  methodsWithGeneric+0xe
C  [libjdwp.dylib+0xe898]  debugLoop_run+0x1ce
C  [libjdwp.dylib+0x1f6ba]  attachThread+0x4d
V  [libjvm.dylib+0x39661c]  JvmtiAgentThread::call_start_function()+0x38
V  [libjvm.dylib+0x560b83]  JavaThread::thread_main_inner()+0x9b
V  [libjvm.dylib+0x56227e]  JavaThread::run()+0x1c2
V  [libjvm.dylib+0x482cd6]  java_start(Thread*)+0xf6
C  [libsystem_pthread.dylib+0x393b]  _pthread_body+0xb4
C  [libsystem_pthread.dylib+0x3887]  _pthread_body+0x0
C  [libsystem_pthread.dylib+0x308d]  thread_start+0xd
C  0x0000000000000000


---------------  P R O C E S S  ---------------

Java Threads: ( => current thread )
  0x00007fe52d011800 JavaThread "Service Thread" daemon [_thread_blocked, id=20227, stack(0x00007000095f8000,0x00007000096f8000)]
  0x00007fe52d80f000 JavaThread "C1 CompilerThread2" daemon [_thread_blocked, id=19715, stack(0x00007000094f5000,0x00007000095f5000)]
  0x00007fe52d80e000 JavaThread "C2 CompilerThread1" daemon [_thread_blocked, id=19203, stack(0x00007000093f2000,0x00007000094f2000)]
  0x00007fe52d028800 JavaThread "C2 CompilerThread0" daemon [_thread_blocked, id=18691, stack(0x00007000092ef000,0x00007000093ef000)]
  0x00007fe52d803000 JavaThread "JDWP Command Reader" daemon [_thread_in_native, id=18179, stack(0x00007000091ec000,0x00007000092ec000)]
  0x00007fe52d802000 JavaThread "JDWP Event Helper Thread" daemon [_thread_blocked, id=17667, stack(0x00007000090e9000,0x00007000091e9000)]
=>0x00007fe52c037000 JavaThread "JDWP Transport Listener: dt_socket" daemon [_thread_in_vm, id=17155, stack(0x0000700008fe6000,0x00007000090e6000)]
  0x00007fe52c032000 JavaThread "Signal Dispatcher" daemon [_thread_blocked, id=16643, stack(0x0000700008ee3000,0x0000700008fe3000)]
  0x00007fe52c026800 JavaThread "Finalizer" daemon [_thread_blocked, id=12547, stack(0x0000700008de0000,0x0000700008ee0000)]
  0x00007fe52c026000 JavaThread "Reference Handler" daemon [_thread_blocked, id=12035, stack(0x0000700008cdd000,0x0000700008ddd000)]
  0x00007fe52c00c800 JavaThread "main" [_thread_blocked, id=7171, stack(0x00007000086cb000,0x00007000087cb000)]

Other Threads:
  0x00007fe52c023800 VMThread [stack: 0x0000700008bda000,0x0000700008cda000] [id=11523]
  0x00007fe52c858000 WatcherThread [stack: 0x00007000096fb000,0x00007000097fb000] [id=20739]

VM state:not at safepoint (normal execution)

VM Mutex/Monitor currently owned by a thread: None

Heap:
 PSYoungGen      total 38400K, used 2662K [0x0000000795580000, 0x0000000798000000, 0x00000007c0000000)
  eden space 33280K, 8% used [0x0000000795580000,0x0000000795819a70,0x0000000797600000)
  from space 5120K, 0% used [0x0000000797b00000,0x0000000797b00000,0x0000000798000000)
  to   space 5120K, 0% used [0x0000000797600000,0x0000000797600000,0x0000000797b00000)
 ParOldGen       total 87552K, used 0K [0x0000000740000000, 0x0000000745580000, 0x0000000795580000)
  object space 87552K, 0% used [0x0000000740000000,0x0000000740000000,0x0000000745580000)
 Metaspace       used 2683K, capacity 4562K, committed 4864K, reserved 1056768K
  class space    used 288K, capacity 386K, committed 512K, reserved 1048576K

Card table byte_map: [0x00000001089d7000,0x0000000108dd8000] byte_map_base: 0x0000000104fd7000

Marking Bits: (ParMarkBitMap*) 0x0000000107edde20
 Begin Bits: [0x0000000109083000, 0x000000010b083000)
 End Bits:   [0x000000010b083000, 0x000000010d083000)

Polling page: 0x0000000106dfa000

CodeCache: size=245760Kb used=1085Kb max_used=1085Kb free=244674Kb
 bounds [0x0000000113fc2000, 0x0000000114232000, 0x0000000122fc2000]
 total_blobs=241 nmethods=18 adapters=146
 compilation: enabled

Compilation events (10 events):
Event: 0.145 Thread 0x00007fe52d80f000   14       1       java.lang.ThreadLocal::access$400 (5 bytes)
Event: 0.145 Thread 0x00007fe52d80f000 nmethod 14 0x00000001140ce4d0 code [0x00000001140ce620, 0x00000001140ce710]
Event: 0.154 Thread 0x00007fe52d80f000   15       3       java.lang.StringBuilder::append (8 bytes)
Event: 0.154 Thread 0x00007fe52d80f000 nmethod 15 0x00000001140cf390 code [0x00000001140cf500, 0x00000001140cf6a8]
Event: 0.155 Thread 0x00007fe52d80f000   16       3       java.lang.System::getSecurityManager (4 bytes)
Event: 0.155 Thread 0x00007fe52d80f000 nmethod 16 0x00000001140cf750 code [0x00000001140cf8a0, 0x00000001140cf9f0]
Event: 0.160 Thread 0x00007fe52d80f000   17       3       java.lang.String::lastIndexOf (52 bytes)
Event: 0.161 Thread 0x00007fe52d80f000 nmethod 17 0x00000001140cfa50 code [0x00000001140cfbe0, 0x00000001140cffa8]
Event: 0.161 Thread 0x00007fe52d80f000   18       3       java.util.Arrays::copyOfRange (63 bytes)
Event: 0.162 Thread 0x00007fe52d80f000 nmethod 18 0x00000001140d0310 code [0x00000001140d0540, 0x00000001140d1098]

GC Heap History (0 events):
No events

Deoptimization events (0 events):
No events

Internal exceptions (2 events):
Event: 0.053 Thread 0x00007fe52c00c800 Exception <a 'java/lang/NoSuchMethodError': Method sun.misc.Unsafe.defineClass(Ljava/lang/String;[BII)Ljava/lang/Class; name or signature does not match> (0x0000000795592f10) thrown at [/HUDSON3/workspace/8-2-build-macosx-x86_64/jdk8u66/4988/hotspot/src/s
Event: 0.053 Thread 0x00007fe52c00c800 Exception <a 'java/lang/NoSuchMethodError': Method sun.misc.Unsafe.prefetchRead(Ljava/lang/Object;J)V name or signature does not match> (0x00000007955931f8) thrown at [/HUDSON3/workspace/8-2-build-macosx-x86_64/jdk8u66/4988/hotspot/src/share/vm/prims/jni.

Events (10 events):
Event: 1368.726 Executing VM operation: RedefineClasses
Event: 1368.727 Executing VM operation: RedefineClasses done
Event: 1368.734 Executing VM operation: EnterInterpOnlyMode
Event: 1368.734 Executing VM operation: EnterInterpOnlyMode done
Event: 1368.734 Executing VM operation: GetCurrentLocation
Event: 1368.734 Executing VM operation: GetCurrentLocation done
Event: 1368.734 Executing VM operation: ChangeSingleStep
Event: 1368.734 Executing VM operation: ChangeSingleStep done
Event: 1368.735 Executing VM operation: ChangeSingleStep
Event: 1368.735 Executing VM operation: ChangeSingleStep done


Dynamic libraries:
0x0000000043a99000 	/System/Library/Frameworks/Cocoa.framework/Versions/A/Cocoa
0x0000000043a99000 	/System/Library/Frameworks/Security.framework/Versions/A/Security
0x0000000043a99000 	/System/Library/Frameworks/ApplicationServices.framework/Versions/A/ApplicationServices
0x0000000043a99000 	/usr/lib/libz.1.dylib
0x0000000043a99000 	/usr/lib/libSystem.B.dylib
0x0000000043a99000 	/usr/lib/libobjc.A.dylib
0x0000000043a99000 	/System/Library/Frameworks/CoreFoundation.framework/Versions/A/CoreFoundation
0x0000000043a99000 	/System/Library/Frameworks/Foundation.framework/Versions/C/Foundation
0x0000000043a99000 	/System/Library/Frameworks/AppKit.framework/Versions/C/AppKit
0x0000000043a99000 	/System/Library/Frameworks/CoreData.framework/Versions/A/CoreData
0x0000000043a99000 	/System/Library/PrivateFrameworks/RemoteViewServices.framework/Versions/A/RemoteViewServices
0x0000000043a99000 	/System/Library/PrivateFrameworks/UIFoundation.framework/Versions/A/UIFoundation
0x0000000043a99000 	/System/Library/PrivateFrameworks/DFRFoundation.framework/Versions/A/DFRFoundation
0x0000000043a99000 	/usr/lib/libenergytrace.dylib
0x0000000043a99000 	/System/Library/PrivateFrameworks/SkyLight.framework/Versions/A/SkyLight
0x0000000043a99000 	/System/Library/Frameworks/CoreGraphics.framework/Versions/A/CoreGraphics
0x0000000043a99000 	/usr/lib/libScreenReader.dylib
0x0000000043a99000 	/System/Library/Frameworks/Accelerate.framework/Versions/A/Accelerate
0x0000000043a99000 	/System/Library/Frameworks/IOSurface.framework/Versions/A/IOSurface
0x0000000043a99000 	/System/Library/Frameworks/AudioToolbox.framework/Versions/A/AudioToolbox
0x0000000043a99000 	/System/Library/Frameworks/AudioUnit.framework/Versions/A/AudioUnit
0x0000000043a99000 	/System/Library/PrivateFrameworks/DataDetectorsCore.framework/Versions/A/DataDetectorsCore
0x0000000043a99000 	/System/Library/PrivateFrameworks/DesktopServicesPriv.framework/Versions/A/DesktopServicesPriv
0x0000000043a99000 	/System/Library/Frameworks/Carbon.framework/Versions/A/Frameworks/HIToolbox.framework/Versions/A/HIToolbox
0x0000000043a99000 	/usr/lib/libicucore.A.dylib
0x0000000043a99000 	/System/Library/Frameworks/QuartzCore.framework/Versions/A/QuartzCore
0x0000000043a99000 	/System/Library/Frameworks/Carbon.framework/Versions/A/Frameworks/SpeechRecognition.framework/Versions/A/SpeechRecognition
0x0000000043a99000 	/usr/lib/libauto.dylib
0x0000000043a99000 	/usr/lib/libxml2.2.dylib
0x0000000043a99000 	/System/Library/PrivateFrameworks/CoreUI.framework/Versions/A/CoreUI
0x0000000043a99000 	/System/Library/Frameworks/CoreAudio.framework/Versions/A/CoreAudio
0x0000000043a99000 	/System/Library/Frameworks/DiskArbitration.framework/Versions/A/DiskArbitration
0x0000000043a99000 	/usr/lib/liblangid.dylib
0x0000000043a99000 	/System/Library/PrivateFrameworks/MultitouchSupport.framework/Versions/A/MultitouchSupport
0x0000000043a99000 	/System/Library/Frameworks/IOKit.framework/Versions/A/IOKit
0x0000000043a99000 	/usr/lib/libDiagnosticMessagesClient.dylib
0x0000000043a99000 	/System/Library/Frameworks/CoreServices.framework/Versions/A/CoreServices
0x0000000043a99000 	/System/Library/PrivateFrameworks/PerformanceAnalysis.framework/Versions/A/PerformanceAnalysis
0x0000000043a99000 	/System/Library/PrivateFrameworks/GenerationalStorage.framework/Versions/A/GenerationalStorage
0x0000000043a99000 	/System/Library/Frameworks/OpenGL.framework/Versions/A/OpenGL
0x0000000043a99000 	/System/Library/Frameworks/CoreImage.framework/Versions/A/CoreImage
0x0000000043a99000 	/System/Library/Frameworks/CoreText.framework/Versions/A/CoreText
0x0000000043a99000 	/System/Library/Frameworks/ImageIO.framework/Versions/A/ImageIO
0x0000000043a99000 	/System/Library/PrivateFrameworks/Backup.framework/Versions/A/Backup
0x0000000043a99000 	/usr/lib/libarchive.2.dylib
0x0000000043a99000 	/System/Library/Frameworks/CFNetwork.framework/Versions/A/CFNetwork
0x0000000043a99000 	/System/Library/Frameworks/SystemConfiguration.framework/Versions/A/SystemConfiguration
0x0000000043a99000 	/usr/lib/libCRFSuite.dylib
0x0000000043a99000 	/usr/lib/libc++.1.dylib
0x0000000043a99000 	/usr/lib/libc++abi.dylib
0x0000000043a99000 	/usr/lib/system/libcache.dylib
0x0000000043a99000 	/usr/lib/system/libcommonCrypto.dylib
0x0000000043a99000 	/usr/lib/system/libcompiler_rt.dylib
0x0000000043a99000 	/usr/lib/system/libcopyfile.dylib
0x0000000043a99000 	/usr/lib/system/libcorecrypto.dylib
0x0000000043a99000 	/usr/lib/system/libdispatch.dylib
0x0000000043a99000 	/usr/lib/system/libdyld.dylib
0x0000000043a99000 	/usr/lib/system/libkeymgr.dylib
0x0000000043a99000 	/usr/lib/system/liblaunch.dylib
0x0000000043a99000 	/usr/lib/system/libmacho.dylib
0x0000000043a99000 	/usr/lib/system/libquarantine.dylib
0x0000000043a99000 	/usr/lib/system/libremovefile.dylib
0x0000000043a99000 	/usr/lib/system/libsystem_asl.dylib
0x0000000043a99000 	/usr/lib/system/libsystem_blocks.dylib
0x0000000043a99000 	/usr/lib/system/libsystem_c.dylib
0x0000000043a99000 	/usr/lib/system/libsystem_configuration.dylib
0x0000000043a99000 	/usr/lib/system/libsystem_coreservices.dylib
0x0000000043a99000 	/usr/lib/system/libsystem_coretls.dylib
0x0000000043a99000 	/usr/lib/system/libsystem_dnssd.dylib
0x0000000043a99000 	/usr/lib/system/libsystem_info.dylib
0x0000000043a99000 	/usr/lib/system/libsystem_kernel.dylib
0x0000000043a99000 	/usr/lib/system/libsystem_m.dylib
0x0000000043a99000 	/usr/lib/system/libsystem_malloc.dylib
0x0000000043a99000 	/usr/lib/system/libsystem_network.dylib
0x0000000043a99000 	/usr/lib/system/libsystem_networkextension.dylib
0x0000000043a99000 	/usr/lib/system/libsystem_notify.dylib
0x0000000043a99000 	/usr/lib/system/libsystem_platform.dylib
0x0000000043a99000 	/usr/lib/system/libsystem_pthread.dylib
0x0000000043a99000 	/usr/lib/system/libsystem_sandbox.dylib
0x0000000043a99000 	/usr/lib/system/libsystem_secinit.dylib
0x0000000043a99000 	/usr/lib/system/libsystem_symptoms.dylib
0x0000000043a99000 	/usr/lib/system/libsystem_trace.dylib
0x0000000043a99000 	/usr/lib/system/libunwind.dylib
0x0000000043a99000 	/usr/lib/system/libxpc.dylib
0x0000000043a99000 	/usr/lib/libbsm.0.dylib
0x0000000043a99000 	/usr/lib/system/libkxld.dylib
0x0000000043a99000 	/usr/lib/libcoretls.dylib
0x0000000043a99000 	/usr/lib/libcoretls_cfhelpers.dylib
0x0000000043a99000 	/usr/lib/libOpenScriptingUtil.dylib
0x0000000043a99000 	/usr/lib/libpam.2.dylib
0x0000000043a99000 	/usr/lib/libsqlite3.dylib
0x0000000043a99000 	/usr/lib/libxar.1.dylib
0x0000000043a99000 	/usr/lib/libbz2.1.0.dylib
0x0000000043a99000 	/usr/lib/liblzma.5.dylib
0x0000000043a99000 	/usr/lib/libnetwork.dylib
0x0000000043a99000 	/usr/lib/libpcap.A.dylib
0x0000000043a99000 	/System/Library/Frameworks/CoreServices.framework/Versions/A/Frameworks/FSEvents.framework/Versions/A/FSEvents
0x0000000043a99000 	/System/Library/Frameworks/CoreServices.framework/Versions/A/Frameworks/CarbonCore.framework/Versions/A/CarbonCore
0x0000000043a99000 	/System/Library/Frameworks/CoreServices.framework/Versions/A/Frameworks/Metadata.framework/Versions/A/Metadata
0x0000000043a99000 	/System/Library/Frameworks/CoreServices.framework/Versions/A/Frameworks/OSServices.framework/Versions/A/OSServices
0x0000000043a99000 	/System/Library/Frameworks/CoreServices.framework/Versions/A/Frameworks/SearchKit.framework/Versions/A/SearchKit
0x0000000043a99000 	/System/Library/Frameworks/CoreServices.framework/Versions/A/Frameworks/AE.framework/Versions/A/AE
0x0000000043a99000 	/System/Library/Frameworks/CoreServices.framework/Versions/A/Frameworks/LaunchServices.framework/Versions/A/LaunchServices
0x0000000043a99000 	/System/Library/Frameworks/CoreServices.framework/Versions/A/Frameworks/DictionaryServices.framework/Versions/A/DictionaryServices
0x0000000043a99000 	/System/Library/Frameworks/CoreServices.framework/Versions/A/Frameworks/SharedFileList.framework/Versions/A/SharedFileList
0x0000000043a99000 	/System/Library/Frameworks/NetFS.framework/Versions/A/NetFS
0x0000000043a99000 	/System/Library/PrivateFrameworks/NetAuth.framework/Versions/A/NetAuth
0x0000000043a99000 	/System/Library/PrivateFrameworks/login.framework/Versions/A/Frameworks/loginsupport.framework/Versions/A/loginsupport
0x0000000043a99000 	/System/Library/PrivateFrameworks/TCC.framework/Versions/A/TCC
0x0000000043a99000 	/usr/lib/libmecabra.dylib
0x0000000043a99000 	/System/Library/Frameworks/ApplicationServices.framework/Versions/A/Frameworks/ATS.framework/Versions/A/ATS
0x0000000043a99000 	/System/Library/Frameworks/ApplicationServices.framework/Versions/A/Frameworks/ColorSync.framework/Versions/A/ColorSync
0x0000000043a99000 	/System/Library/Frameworks/ApplicationServices.framework/Versions/A/Frameworks/HIServices.framework/Versions/A/HIServices
0x0000000043a99000 	/System/Library/Frameworks/ApplicationServices.framework/Versions/A/Frameworks/LangAnalysis.framework/Versions/A/LangAnalysis
0x0000000043a99000 	/System/Library/Frameworks/ApplicationServices.framework/Versions/A/Frameworks/PrintCore.framework/Versions/A/PrintCore
0x0000000043a99000 	/System/Library/Frameworks/ApplicationServices.framework/Versions/A/Frameworks/QD.framework/Versions/A/QD
0x0000000043a99000 	/System/Library/Frameworks/ApplicationServices.framework/Versions/A/Frameworks/SpeechSynthesis.framework/Versions/A/SpeechSynthesis
0x0000000043a99000 	/System/Library/Frameworks/Accelerate.framework/Versions/A/Frameworks/vImage.framework/Versions/A/vImage
0x0000000043a99000 	/System/Library/Frameworks/Accelerate.framework/Versions/A/Frameworks/vecLib.framework/Versions/A/vecLib
0x0000000043a99000 	/System/Library/Frameworks/Accelerate.framework/Versions/A/Frameworks/vecLib.framework/Versions/A/libvDSP.dylib
0x0000000043a99000 	/System/Library/Frameworks/Accelerate.framework/Versions/A/Frameworks/vecLib.framework/Versions/A/libBNNS.dylib
0x0000000043a99000 	/System/Library/Frameworks/Accelerate.framework/Versions/A/Frameworks/vecLib.framework/Versions/A/libQuadrature.dylib
0x0000000043a99000 	/System/Library/Frameworks/Accelerate.framework/Versions/A/Frameworks/vecLib.framework/Versions/A/libvMisc.dylib
0x0000000043a99000 	/System/Library/Frameworks/Accelerate.framework/Versions/A/Frameworks/vecLib.framework/Versions/A/libLAPACK.dylib
0x0000000043a99000 	/System/Library/Frameworks/Accelerate.framework/Versions/A/Frameworks/vecLib.framework/Versions/A/libBLAS.dylib
0x0000000043a99000 	/System/Library/Frameworks/Accelerate.framework/Versions/A/Frameworks/vecLib.framework/Versions/A/libLinearAlgebra.dylib
0x0000000043a99000 	/System/Library/Frameworks/Accelerate.framework/Versions/A/Frameworks/vecLib.framework/Versions/A/libSparseBLAS.dylib
0x0000000043a99000 	/System/Library/Frameworks/ApplicationServices.framework/Versions/A/Frameworks/ATS.framework/Versions/A/Resources/libFontParser.dylib
0x0000000043a99000 	/System/Library/Frameworks/ApplicationServices.framework/Versions/A/Frameworks/ATS.framework/Versions/A/Resources/libFontRegistry.dylib
0x0000000043a99000 	/System/Library/Frameworks/ImageIO.framework/Versions/A/Resources/libJPEG.dylib
0x0000000043a99000 	/System/Library/Frameworks/ImageIO.framework/Versions/A/Resources/libTIFF.dylib
0x0000000043a99000 	/System/Library/Frameworks/ImageIO.framework/Versions/A/Resources/libPng.dylib
0x0000000043a99000 	/System/Library/Frameworks/ImageIO.framework/Versions/A/Resources/libGIF.dylib
0x0000000043a99000 	/System/Library/Frameworks/ImageIO.framework/Versions/A/Resources/libJP2.dylib
0x0000000043a99000 	/System/Library/Frameworks/ImageIO.framework/Versions/A/Resources/libRadiance.dylib
0x0000000043a99000 	/usr/lib/libcompression.dylib
0x0000000043a99000 	/System/Library/PrivateFrameworks/AppleJPEG.framework/Versions/A/AppleJPEG
0x0000000043a99000 	/usr/lib/libcups.2.dylib
0x0000000043a99000 	/System/Library/Frameworks/Kerberos.framework/Versions/A/Kerberos
0x0000000043a99000 	/System/Library/Frameworks/GSS.framework/Versions/A/GSS
0x0000000043a99000 	/usr/lib/libresolv.9.dylib
0x0000000043a99000 	/usr/lib/libiconv.2.dylib
0x0000000043a99000 	/System/Library/PrivateFrameworks/Heimdal.framework/Versions/A/Heimdal
0x0000000043a99000 	/usr/lib/libheimdal-asn1.dylib
0x0000000043a99000 	/System/Library/Frameworks/OpenDirectory.framework/Versions/A/OpenDirectory
0x0000000043a99000 	/System/Library/PrivateFrameworks/CommonAuth.framework/Versions/A/CommonAuth
0x0000000043a99000 	/System/Library/Frameworks/OpenDirectory.framework/Versions/A/Frameworks/CFOpenDirectory.framework/Versions/A/CFOpenDirectory
0x0000000043a99000 	/System/Library/Frameworks/SecurityFoundation.framework/Versions/A/SecurityFoundation
0x0000000043a99000 	/System/Library/PrivateFrameworks/LanguageModeling.framework/Versions/A/LanguageModeling
0x0000000043a99000 	/usr/lib/libmarisa.dylib
0x0000000043a99000 	/usr/lib/libChineseTokenizer.dylib
0x0000000043a99000 	/usr/lib/libcmph.dylib
0x0000000043a99000 	/System/Library/PrivateFrameworks/CoreEmoji.framework/Versions/A/CoreEmoji
0x0000000043a99000 	/System/Library/Frameworks/ServiceManagement.framework/Versions/A/ServiceManagement
0x0000000043a99000 	/usr/lib/libxslt.1.dylib
0x0000000043a99000 	/System/Library/Frameworks/Carbon.framework/Versions/A/Frameworks/Ink.framework/Versions/A/Ink
0x0000000043a99000 	/System/Library/PrivateFrameworks/TextureIO.framework/Versions/A/TextureIO
0x0000000043a99000 	/System/Library/Frameworks/Metal.framework/Versions/A/Metal
0x0000000043a99000 	/usr/lib/libate.dylib
0x0000000043a99000 	/System/Library/PrivateFrameworks/GPUCompiler.framework/libmetal_timestamp.dylib
0x0000000043a99000 	/System/Library/Frameworks/OpenGL.framework/Versions/A/Libraries/libCoreFSCache.dylib
0x0000000043a99000 	/System/Library/PrivateFrameworks/IOAccelerator.framework/Versions/A/IOAccelerator
0x0000000043a99000 	/System/Library/Frameworks/CoreVideo.framework/Versions/A/CoreVideo
0x0000000043a99000 	/usr/lib/libFosl_dynamic.dylib
0x0000000043a99000 	/System/Library/PrivateFrameworks/MetalPerformanceShaders.framework/Versions/A/MetalPerformanceShaders
0x0000000043a99000 	/System/Library/PrivateFrameworks/FaceCore.framework/Versions/A/FaceCore
0x0000000043a99000 	/System/Library/Frameworks/OpenCL.framework/Versions/A/OpenCL
0x0000000043a99000 	/System/Library/Frameworks/OpenGL.framework/Versions/A/Libraries/libGLU.dylib
0x0000000043a99000 	/System/Library/Frameworks/OpenGL.framework/Versions/A/Libraries/libGFXShared.dylib
0x0000000043a99000 	/System/Library/Frameworks/OpenGL.framework/Versions/A/Libraries/libGL.dylib
0x0000000043a99000 	/System/Library/Frameworks/OpenGL.framework/Versions/A/Libraries/libGLImage.dylib
0x0000000043a99000 	/System/Library/Frameworks/OpenGL.framework/Versions/A/Libraries/libCVMSPluginSupport.dylib
0x0000000043a99000 	/System/Library/Frameworks/OpenGL.framework/Versions/A/Libraries/libCoreVMClient.dylib
0x0000000043a99000 	/System/Library/PrivateFrameworks/CrashReporterSupport.framework/Versions/A/CrashReporterSupport
0x0000000043a99000 	/System/Library/PrivateFrameworks/Sharing.framework/Versions/A/Sharing
0x0000000043a99000 	/System/Library/PrivateFrameworks/IconServices.framework/Versions/A/IconServices
0x0000000043a99000 	/System/Library/PrivateFrameworks/ProtocolBuffer.framework/Versions/A/ProtocolBuffer
0x0000000043a99000 	/System/Library/PrivateFrameworks/Apple80211.framework/Versions/A/Apple80211
0x0000000043a99000 	/System/Library/Frameworks/CoreWLAN.framework/Versions/A/CoreWLAN
0x0000000043a99000 	/System/Library/PrivateFrameworks/CoreUtils.framework/Versions/A/CoreUtils
0x0000000043a99000 	/System/Library/Frameworks/IOBluetooth.framework/Versions/A/IOBluetooth
0x0000000043a99000 	/System/Library/PrivateFrameworks/CoreWiFi.framework/Versions/A/CoreWiFi
0x0000000043a99000 	/System/Library/Frameworks/CoreBluetooth.framework/Versions/A/CoreBluetooth
0x0000000043a99000 	/System/Library/Frameworks/CoreDisplay.framework/Versions/A/CoreDisplay
0x0000000043a99000 	/System/Library/PrivateFrameworks/IOPresentment.framework/Versions/A/IOPresentment
0x0000000043a99000 	/System/Library/PrivateFrameworks/DSExternalDisplay.framework/Versions/A/DSExternalDisplay
0x0000000043a99000 	/System/Library/PrivateFrameworks/DebugSymbols.framework/Versions/A/DebugSymbols
0x0000000043a99000 	/System/Library/PrivateFrameworks/CoreSymbolication.framework/Versions/A/CoreSymbolication
0x0000000043a99000 	/System/Library/PrivateFrameworks/Symbolication.framework/Versions/A/Symbolication
0x0000000043a99000 	/System/Library/PrivateFrameworks/AppleFSCompression.framework/Versions/A/AppleFSCompression
0x0000000043a99000 	/System/Library/PrivateFrameworks/SpeechRecognitionCore.framework/Versions/A/SpeechRecognitionCore
0x0000000043a99000 	/System/Library/PrivateFrameworks/ChunkingLibrary.framework/Versions/A/ChunkingLibrary
0x0000000107600000 	/Library/Java/JavaVirtualMachines/jdk1.8.0_66.jdk/Contents/Home/jre/lib/server/libjvm.dylib
0x0000000043a99000 	/usr/lib/libstdc++.6.dylib
0x0000000106dec000 	/Library/Java/JavaVirtualMachines/jdk1.8.0_66.jdk/Contents/Home/jre/lib/libverify.dylib
0x0000000108586000 	/Library/Java/JavaVirtualMachines/jdk1.8.0_66.jdk/Contents/Home/jre/lib/libjava.dylib
0x00000001085bb000 	/Library/Java/JavaVirtualMachines/jdk1.8.0_66.jdk/Contents/Home/jre/lib/libjdwp.dylib
0x0000000106dfb000 	/Library/Java/JavaVirtualMachines/jdk1.8.0_66.jdk/Contents/Home/jre/lib/libnpt.dylib
0x000000010860e000 	/Library/Java/JavaVirtualMachines/jdk1.8.0_66.jdk/Contents/Home/jre/lib/libzip.dylib
0x000000010ef7a000 	/System/Library/Frameworks/JavaVM.framework/Frameworks/JavaRuntimeSupport.framework/JavaRuntimeSupport
0x000000010ef94000 	/System/Library/Frameworks/JavaVM.framework/Versions/A/Frameworks/JavaNativeFoundation.framework/Versions/A/JavaNativeFoundation
0x000000010efa9000 	/System/Library/Frameworks/JavaVM.framework/Versions/A/JavaVM
0x0000000043a99000 	/System/Library/Frameworks/Carbon.framework/Versions/A/Carbon
0x000000010efb6000 	/System/Library/PrivateFrameworks/JavaLaunching.framework/Versions/A/JavaLaunching
0x0000000043a99000 	/System/Library/Frameworks/Carbon.framework/Versions/A/Frameworks/CommonPanels.framework/Versions/A/CommonPanels
0x0000000043a99000 	/System/Library/Frameworks/Carbon.framework/Versions/A/Frameworks/Help.framework/Versions/A/Help
0x0000000043a99000 	/System/Library/Frameworks/Carbon.framework/Versions/A/Frameworks/ImageCapture.framework/Versions/A/ImageCapture
0x0000000043a99000 	/System/Library/Frameworks/Carbon.framework/Versions/A/Frameworks/OpenScripting.framework/Versions/A/OpenScripting
0x0000000043a99000 	/System/Library/Frameworks/Carbon.framework/Versions/A/Frameworks/Print.framework/Versions/A/Print
0x0000000043a99000 	/System/Library/Frameworks/Carbon.framework/Versions/A/Frameworks/SecurityHI.framework/Versions/A/SecurityHI
0x00000001108c3000 	/Library/Java/JavaVirtualMachines/jdk1.8.0_66.jdk/Contents/Home/jre/lib/libdt_socket.dylib

VM Arguments:
jvm_args: -agentlib:jdwp=transport=dt_socket,suspend=y,address=localhost:50416 -Dfile.encoding=UTF-8 
java_command: preprocess.Preprocess
java_class_path (initial): /Users/Jeff/Documents/workspace/Uni/Year3/ProjectY3/resources/bin
Launcher Type: SUN_STANDARD

Environment Variables:
PATH=/usr/bin:/bin:/usr/sbin:/sbin
SHELL=/bin/bash
DISPLAY=/private/tmp/com.apple.launchd.s8oOJwX8HH/org.macosforge.xquartz:0

Signal Handlers:
SIGSEGV: [libjvm.dylib+0x5a65d5], sa_mask[0]=11111111011111110111111111111111, sa_flags=SA_ONSTACK|SA_RESTART|SA_SIGINFO
SIGBUS: [libjvm.dylib+0x5a65d5], sa_mask[0]=11111111011111110111111111111111, sa_flags=SA_RESTART|SA_SIGINFO
SIGFPE: [libjvm.dylib+0x4802e8], sa_mask[0]=11111111011111110111111111111111, sa_flags=SA_RESTART|SA_SIGINFO
SIGPIPE: [libjvm.dylib+0x4802e8], sa_mask[0]=11111111011111110111111111111111, sa_flags=SA_RESTART|SA_SIGINFO
SIGXFSZ: [libjvm.dylib+0x4802e8], sa_mask[0]=11111111011111110111111111111111, sa_flags=SA_RESTART|SA_SIGINFO
SIGILL: [libjvm.dylib+0x4802e8], sa_mask[0]=11111111011111110111111111111111, sa_flags=SA_RESTART|SA_SIGINFO
SIGUSR1: SIG_DFL, sa_mask[0]=00000000000000000000000000000000, sa_flags=none
SIGUSR2: [libjvm.dylib+0x47fe06], sa_mask[0]=00100000000000000000000000000000, sa_flags=SA_RESTART|SA_SIGINFO
SIGHUP: [libjvm.dylib+0x47e3dd], sa_mask[0]=11111111011111110111111111111111, sa_flags=SA_RESTART|SA_SIGINFO
SIGINT: [libjvm.dylib+0x47e3dd], sa_mask[0]=11111111011111110111111111111111, sa_flags=SA_RESTART|SA_SIGINFO
SIGTERM: [libjvm.dylib+0x47e3dd], sa_mask[0]=11111111011111110111111111111111, sa_flags=SA_RESTART|SA_SIGINFO
SIGQUIT: [libjvm.dylib+0x47e3dd], sa_mask[0]=11111111011111110111111111111111, sa_flags=SA_RESTART|SA_SIGINFO


---------------  S Y S T E M  ---------------

OS:Bsduname:Darwin 16.7.0 Darwin Kernel Version 16.7.0: Thu Jun 15 17:36:27 PDT 2017; root:xnu-3789.70.16~2/RELEASE_X86_64 x86_64
rlimit: STACK 8192k, CORE 0k, NPROC 709, NOFILE 10240, AS infinity
load average:3.35 3.70 2.53

CPU:total 4 (2 cores per cpu, 2 threads per core) family 6 model 61 stepping 4, cmov, cx8, fxsr, mmx, sse, sse2, sse3, ssse3, sse4.1, sse4.2, popcnt, avx, avx2, aes, clmul, erms, 3dnowpref, lzcnt, ht, tsc, tscinvbit, bmi1, bmi2, adx

Memory: 4k page, physical 8388608k(3626740k free)

/proc/meminfo:


vm_info: Java HotSpot(TM) 64-Bit Server VM (25.66-b17) for bsd-amd64 JRE (1.8.0_66-b17), built on Oct  6 2015 16:09:13 by "java_re" with gcc 4.2.1 (Based on Apple Inc. build 5658) (LLVM build 2336.11.00)

time: Mon Oct 23 22:22:37 2017
elapsed time: 1368 seconds (0d 0h 22m 48s)

